{
  "numFailedTestSuites": 0,
  "numFailedTests": 0,
  "numPassedTestSuites": 1,
  "numPassedTests": 5,
  "numPendingTestSuites": 0,
  "numPendingTests": 0,
  "numRuntimeErrorTestSuites": 0,
  "numTodoTests": 0,
  "numTotalTestSuites": 1,
  "numTotalTests": 5,
  "openHandles": [],
  "snapshot": {
    "added": 0,
    "didUpdate": false,
    "failure": false,
    "filesAdded": 0,
    "filesRemoved": 0,
    "filesRemovedList": [],
    "filesUnmatched": 0,
    "filesUpdated": 0,
    "matched": 0,
    "total": 0,
    "unchecked": 0,
    "uncheckedKeysByFile": [],
    "unmatched": 0,
    "updated": 0
  },
  "startTime": 1583750090110,
  "success": false,
  "testResults": [
    {
      "failureMessage": null,
      "numFailingTests": 0,
      "numPassingTests": 5,
      "numPendingTests": 0,
      "numTodoTests": 0,
      "perfStats": {
        "end": 1583750206622,
        "start": 1583750091249
      },
      "snapshot": {
        "added": 0,
        "fileDeleted": false,
        "matched": 0,
        "unchecked": 0,
        "unmatched": 0,
        "updated": 0,
        "uncheckedKeys": []
      },
      "testFilePath": "/Users/fajri/Documents/auto/ppt/test/traveloka/micro/res.test.js",
      "testResults": [
        {
          "ancestorTitles": [
            "micro testing"
          ],
          "duration": 26324,
          "failureMessages": [],
          "fullName": "micro testing testing home layout",
          "location": null,
          "numPassingAsserts": 0,
          "status": "passed",
          "title": "testing home layout"
        },
        {
          "ancestorTitles": [
            "micro testing"
          ],
          "duration": 21947,
          "failureMessages": [],
          "fullName": "micro testing testing live traveloka layout",
          "location": null,
          "numPassingAsserts": 0,
          "status": "passed",
          "title": "testing live traveloka layout"
        },
        {
          "ancestorTitles": [
            "micro testing"
          ],
          "duration": 20767,
          "failureMessages": [],
          "fullName": "micro testing testing student-graduate accelecation program layout",
          "location": null,
          "numPassingAsserts": 0,
          "status": "passed",
          "title": "testing student-graduate accelecation program layout"
        },
        {
          "ancestorTitles": [
            "micro testing"
          ],
          "duration": 19595,
          "failureMessages": [],
          "fullName": "micro testing testing student-graduate intership layout",
          "location": null,
          "numPassingAsserts": 0,
          "status": "passed",
          "title": "testing student-graduate intership layout"
        },
        {
          "ancestorTitles": [
            "micro testing"
          ],
          "duration": 19537,
          "failureMessages": [],
          "fullName": "micro testing testing vacancies layout",
          "location": null,
          "numPassingAsserts": 0,
          "status": "passed",
          "title": "testing vacancies layout"
        }
      ],
      "skipped": false,
      "leaks": false
    }
  ],
  "wasInterrupted": false
}